<?xml version="1.0" encoding="UTF-8"?>
<!-- Generated by org.testng.reporters.JUnitReportReporter -->
<testsuite hostname="LAPTOP-F7URK354" failures="0" tests="1" name="runner.CucumberTestNG" time="9.797" errors="0" timestamp="2021-03-29T18:11:27 IST" skipped="0">
  <testcase classname="runner.CucumberTestNG" name="runScenario" time="9.797"/>
  <system-out/>
</testsuite> <!-- runner.CucumberTestNG -->
